<?xml version="1.0" encoding="UTF-8"?>
<!-- Generated by org.testng.reporters.JUnitReportReporter -->
<testsuite hostname="DESKTOP-O1O9U63" failures="0" tests="2" name="com.actitime.generic.BaseClassWithoutGenericTestMethod" time="34.890" errors="0" timestamp="2023-03-22T15:35:00 IST" skipped="0">
  <testcase classname="com.actitime.generic.BaseClassWithoutGenericTestMethod" name="loginInActitime" time="20.981"/>
  <system-out>
    <![CDATA[Login Done]]>
  </system-out>
  <testcase classname="com.actitime.generic.BaseClassWithoutGenericTestMethod" name="logoutFromActitime" time="13.909"/>
  <system-out>
    <![CDATA[LogOut Done]]>
  </system-out>
</testsuite> <!-- com.actitime.generic.BaseClassWithoutGenericTestMethod -->
