<?xml version="1.0" encoding="UTF-8"?>
<!-- Generated by org.testng.reporters.JUnitReportReporter -->
<testsuite hostname="DESKTOP-O1O9U63" failures="0" tests="1" name="com.actitime.generic.DemoNg1" time="0.020" errors="0" timestamp="2023-03-22T14:01:29 IST" skipped="0">
  <testcase classname="com.actitime.generic.DemoNg1" name="demo" time="0.020"/>
  <system-out>
    <![CDATA[welcome]]>
  </system-out>
</testsuite> <!-- com.actitime.generic.DemoNg1 -->
