<?xml version="1.0" encoding="UTF-8"?>
<!-- Generated by org.testng.reporters.JUnitReportReporter -->
<testsuite hostname="DESKTOP-O1O9U63" failures="0" tests="1" name="com.actitime.generic.ScreenShotClass" time="4.623" errors="0" timestamp="2023-03-23T22:49:10 IST" skipped="0">
  <testcase classname="com.actitime.generic.ScreenShotClass" name="screenShot" time="4.623"/>
  <system-out/>
</testsuite> <!-- com.actitime.generic.ScreenShotClass -->
