<?xml version="1.0" encoding="UTF-8"?>
<!-- Generated by org.testng.reporters.JUnitReportReporter -->
<testsuite hostname="DESKTOP-O1O9U63" failures="0" tests="1" name="DemoNG1" time="0.019" errors="0" timestamp="2023-03-15T12:49:05 IST" skipped="0">
  <testcase classname="DemoNG1" name="demo" time="0.019"/>
  <system-out>
    <![CDATA[welcome]]>
  </system-out>
</testsuite> <!-- DemoNG1 -->
