<?xml version="1.0" encoding="UTF-8"?>
<!-- Generated by org.testng.reporters.JUnitReportReporter -->
<testsuite hostname="DESKTOP-O1O9U63" failures="0" tests="2" name="com.actitime.generic.BaseClassWithGenericTestMethod11" time="32.871" errors="0" timestamp="2023-03-23T11:49:09 IST" skipped="0">
  <testcase classname="com.actitime.generic.BaseClassWithGenericTestMethod11" name="loginInActitiome" time="23.927"/>
  <system-out>
    <![CDATA[Login successfully]]>
  </system-out>
  <testcase classname="com.actitime.generic.BaseClassWithGenericTestMethod11" name="logoutFromActitime" time="8.944"/>
  <system-out>
    <![CDATA[Logout successfully]]>
  </system-out>
</testsuite> <!-- com.actitime.generic.BaseClassWithGenericTestMethod11 -->
