<?xml version="1.0" encoding="UTF-8"?>
<!-- Generated by org.testng.reporters.JUnitReportReporter -->
<testsuite hostname="DESKTOP-O1O9U63" failures="0" tests="2" name="com.actitime.generic.BaseClassWithGenericTestMethod" time="21.023" errors="0" timestamp="2023-03-22T16:06:25 IST" skipped="0">
  <testcase classname="com.actitime.generic.BaseClassWithGenericTestMethod" name="loginInActitiome" time="13.707"/>
  <system-out>
    <![CDATA[Login successfully]]>
  </system-out>
  <testcase classname="com.actitime.generic.BaseClassWithGenericTestMethod" name="logoutFromActitime" time="7.316"/>
  <system-out>
    <![CDATA[Logout successfully]]>
  </system-out>
</testsuite> <!-- com.actitime.generic.BaseClassWithGenericTestMethod -->
