<?xml version="1.0" encoding="UTF-8"?>
<!-- Generated by org.testng.reporters.JUnitReportReporter -->
<testsuite hostname="DESKTOP-O1O9U63" failures="0" tests="7" name="com.actitime.generic.CustomerModule" time="0.043" errors="0" timestamp="2023-03-15T13:27:15 IST" skipped="1">
  <testcase classname="com.actitime.generic.CustomerModule" name="CreateCustomer" time="0.020"/>
  <system-out>
    <![CDATA[createCustomer]]>
  </system-out>
  <testcase classname="com.actitime.generic.CustomerModule" name="modifyCustomer" time="0.010"/>
  <system-out>
    <![CDATA[modifyCustomer]]>
  </system-out>
  <testcase classname="com.actitime.generic.CustomerModule" name="deleteCustomer" time="0.002"/>
  <system-out>
    <![CDATA[deleteCustomer]]>
  </system-out>
  <testcase classname="com.actitime.generic.CustomerModule" name="selectCustomer" time="0.005"/>
  <system-out>
    <![CDATA[selectCustomer]]>
  </system-out>
  <testcase classname="com.actitime.generic.CustomerModule" name="rememberCustomer" time="0.003"/>
  <system-out>
    <![CDATA[rememberCustomer]]>
  </system-out>
  <testcase classname="com.actitime.generic.CustomerModule" name="selectCustomer" time="0.003"/>
  <system-out>
    <![CDATA[selectCustomer]]>
  </system-out>
  <testcase classname="com.actitime.generic.CustomerModule" name="forgetCustomer">
    <skipped/>
  </testcase> <!-- forgetCustomer -->
  <system-out/>
</testsuite> <!-- com.actitime.generic.CustomerModule -->
