<?xml version="1.0" encoding="UTF-8"?>
<!-- Generated by org.testng.reporters.JUnitReportReporter -->
<testsuite hostname="DESKTOP-O1O9U63" failures="0" tests="1" name="com.actitime.generic.PomLoginMainMethod23" time="18.054" errors="0" timestamp="2023-03-24T00:52:08 IST" skipped="0">
  <testcase classname="com.actitime.generic.PomLoginMainMethod23" name="validLogin" time="18.054"/>
  <system-out/>
</testsuite> <!-- com.actitime.generic.PomLoginMainMethod23 -->
