<?xml version="1.0" encoding="UTF-8"?>
<!-- Generated by org.testng.reporters.JUnitReportReporter -->
<testsuite hostname="DESKTOP-O1O9U63" failures="0" tests="1" name="com.actitime.testscript.TaskModule" time="0.010" errors="0" timestamp="2023-03-23T12:05:50 IST" skipped="0">
  <testcase classname="com.actitime.testscript.TaskModule" name="createTask" time="0.010"/>
  <system-out>
    <![CDATA[Create Task]]>
  </system-out>
</testsuite> <!-- com.actitime.testscript.TaskModule -->
