<?xml version="1.0" encoding="UTF-8"?>
<!-- Generated by org.testng.reporters.JUnitReportReporter -->
<testsuite hostname="DESKTOP-O1O9U63" failures="0" tests="2" name="com.actitime.generic.Annotation5" time="0.021" errors="0" timestamp="2023-03-22T14:14:23 IST" skipped="0">
  <testcase classname="com.actitime.generic.Annotation5" name="modifyCustomer" time="0.003"/>
  <system-out>
    <![CDATA[modifyCustomer]]>
  </system-out>
  <testcase classname="com.actitime.generic.Annotation5" name="createCustomer" time="0.018"/>
  <system-out>
    <![CDATA[createCustomer]]>
  </system-out>
</testsuite> <!-- com.actitime.generic.Annotation5 -->
