<?xml version="1.0" encoding="UTF-8"?>
<!-- Generated by org.testng.reporters.JUnitReportReporter -->
<testsuite hostname="DESKTOP-O1O9U63" failures="0" tests="4" name="com.actitime.generic.Annotation6" time="0.051" errors="0" timestamp="2023-03-22T15:09:44 IST" skipped="0">
  <testcase classname="com.actitime.generic.Annotation6" name="deleteCustomer" time="0.014"/>
  <system-out>
    <![CDATA[deleteCustomer]]>
  </system-out>
  <testcase classname="com.actitime.generic.Annotation6" name="registerCustomer" time="0.009"/>
  <system-out>
    <![CDATA[registerCustomer]]>
  </system-out>
  <testcase classname="com.actitime.generic.Annotation6" name="editCustomer" time="0.013"/>
  <system-out>
    <![CDATA[editCustomer]]>
  </system-out>
  <testcase classname="com.actitime.generic.Annotation6" name="editCustomer" time="0.015"/>
  <system-out>
    <![CDATA[editCustomer]]>
  </system-out>
</testsuite> <!-- com.actitime.generic.Annotation6 -->
